INFO:future_sales_prediction_2024:Package is initialized
INFO:future_sales_prediction_2024:Package is initialized
INFO:future_sales_prediction_2024:Package is initialized
INFO:future_sales_prediction_2024:Package is initialized
INFO:future_sales_prediction_2024:Package is initialized
INFO:hyperopt.tpe:build_posterior_wrapper took 0.002002 seconds
INFO:hyperopt.tpe:TPE using 0 trials
INFO:hyperopt.tpe:build_posterior_wrapper took 0.005997 seconds
INFO:hyperopt.tpe:TPE using 1/1 trials with best loss 0.908520
INFO:hyperopt.tpe:build_posterior_wrapper took 0.504001 seconds
INFO:hyperopt.tpe:TPE using 2/2 trials with best loss 0.908520
INFO:hyperopt.tpe:build_posterior_wrapper took 0.002893 seconds
INFO:hyperopt.tpe:TPE using 3/3 trials with best loss 0.908520
INFO:hyperopt.tpe:build_posterior_wrapper took 0.004004 seconds
INFO:hyperopt.tpe:TPE using 4/4 trials with best loss 0.908520
INFO:hyperopt.tpe:build_posterior_wrapper took 0.003896 seconds
INFO:hyperopt.tpe:TPE using 5/5 trials with best loss 0.908520
INFO:hyperopt.tpe:build_posterior_wrapper took 0.001996 seconds
INFO:hyperopt.tpe:TPE using 6/6 trials with best loss 0.908520
INFO:hyperopt.tpe:build_posterior_wrapper took 0.003935 seconds
INFO:hyperopt.tpe:TPE using 7/7 trials with best loss 0.908520
INFO:hyperopt.tpe:build_posterior_wrapper took 0.032012 seconds
INFO:hyperopt.tpe:TPE using 8/8 trials with best loss 0.908520
INFO:hyperopt.tpe:build_posterior_wrapper took 0.001002 seconds
INFO:hyperopt.tpe:TPE using 9/9 trials with best loss 0.908520
INFO:hyperopt.tpe:build_posterior_wrapper took 0.003999 seconds
INFO:hyperopt.tpe:TPE using 10/10 trials with best loss 0.908520
INFO:hyperopt.tpe:build_posterior_wrapper took 0.002006 seconds
INFO:hyperopt.tpe:TPE using 11/11 trials with best loss 0.908520
INFO:hyperopt.tpe:build_posterior_wrapper took 0.001997 seconds
INFO:hyperopt.tpe:TPE using 12/12 trials with best loss 0.908520
INFO:hyperopt.tpe:build_posterior_wrapper took 0.004978 seconds
INFO:hyperopt.tpe:TPE using 13/13 trials with best loss 0.908520
INFO:hyperopt.tpe:build_posterior_wrapper took 0.017014 seconds
INFO:hyperopt.tpe:TPE using 14/14 trials with best loss 0.908520
INFO:hyperopt.tpe:build_posterior_wrapper took 0.002004 seconds
INFO:hyperopt.tpe:TPE using 15/15 trials with best loss 0.908520
INFO:hyperopt.tpe:build_posterior_wrapper took 0.000998 seconds
INFO:hyperopt.tpe:TPE using 16/16 trials with best loss 0.908520
INFO:hyperopt.tpe:build_posterior_wrapper took 0.002003 seconds
INFO:hyperopt.tpe:TPE using 17/17 trials with best loss 0.908520
INFO:hyperopt.tpe:build_posterior_wrapper took 0.001025 seconds
INFO:hyperopt.tpe:TPE using 18/18 trials with best loss 0.908520
INFO:hyperopt.tpe:build_posterior_wrapper took 0.001999 seconds
INFO:hyperopt.tpe:TPE using 19/19 trials with best loss 0.908520
INFO:hyperopt.tpe:build_posterior_wrapper took 0.020020 seconds
INFO:hyperopt.tpe:TPE using 20/20 trials with best loss 0.908520
INFO:hyperopt.tpe:build_posterior_wrapper took 0.003003 seconds
INFO:hyperopt.tpe:TPE using 21/21 trials with best loss 0.908520
INFO:hyperopt.tpe:build_posterior_wrapper took 0.001999 seconds
INFO:hyperopt.tpe:TPE using 22/22 trials with best loss 0.908520
INFO:hyperopt.tpe:build_posterior_wrapper took 0.003000 seconds
INFO:hyperopt.tpe:TPE using 23/23 trials with best loss 0.908520
INFO:hyperopt.tpe:build_posterior_wrapper took 0.015993 seconds
INFO:hyperopt.tpe:TPE using 24/24 trials with best loss 0.908520
INFO:hyperopt.tpe:build_posterior_wrapper took 0.002000 seconds
INFO:hyperopt.tpe:TPE using 25/25 trials with best loss 0.908520
INFO:hyperopt.tpe:build_posterior_wrapper took 0.002022 seconds
INFO:hyperopt.tpe:TPE using 26/26 trials with best loss 0.908520
INFO:hyperopt.tpe:build_posterior_wrapper took 0.002001 seconds
INFO:hyperopt.tpe:TPE using 27/27 trials with best loss 0.908520
INFO:hyperopt.tpe:build_posterior_wrapper took 0.023996 seconds
INFO:hyperopt.tpe:TPE using 28/28 trials with best loss 0.908520
INFO:hyperopt.tpe:build_posterior_wrapper took 0.001000 seconds
INFO:hyperopt.tpe:TPE using 29/29 trials with best loss 0.908520
INFO:hyperopt.tpe:build_posterior_wrapper took 0.001981 seconds
INFO:hyperopt.tpe:TPE using 30/30 trials with best loss 0.908520
INFO:hyperopt.tpe:build_posterior_wrapper took 0.004022 seconds
INFO:hyperopt.tpe:TPE using 31/31 trials with best loss 0.908520
INFO:hyperopt.tpe:build_posterior_wrapper took 0.018049 seconds
INFO:hyperopt.tpe:TPE using 32/32 trials with best loss 0.908520
INFO:hyperopt.tpe:build_posterior_wrapper took 0.003976 seconds
INFO:hyperopt.tpe:TPE using 33/33 trials with best loss 0.908520
INFO:hyperopt.tpe:build_posterior_wrapper took 0.001000 seconds
INFO:hyperopt.tpe:TPE using 34/34 trials with best loss 0.908520
INFO:hyperopt.tpe:build_posterior_wrapper took 0.001010 seconds
INFO:hyperopt.tpe:TPE using 35/35 trials with best loss 0.908520
INFO:hyperopt.tpe:build_posterior_wrapper took 0.013996 seconds
INFO:hyperopt.tpe:TPE using 36/36 trials with best loss 0.908520
INFO:hyperopt.tpe:build_posterior_wrapper took 0.001251 seconds
INFO:hyperopt.tpe:TPE using 37/37 trials with best loss 0.908520
INFO:hyperopt.tpe:build_posterior_wrapper took 0.003001 seconds
INFO:hyperopt.tpe:TPE using 38/38 trials with best loss 0.908520
INFO:hyperopt.tpe:build_posterior_wrapper took 0.005994 seconds
INFO:hyperopt.tpe:TPE using 39/39 trials with best loss 0.908520
INFO:hyperopt.tpe:build_posterior_wrapper took 0.019095 seconds
INFO:hyperopt.tpe:TPE using 40/40 trials with best loss 0.908520
INFO:hyperopt.tpe:build_posterior_wrapper took 0.002000 seconds
INFO:hyperopt.tpe:TPE using 41/41 trials with best loss 0.908520
INFO:hyperopt.tpe:build_posterior_wrapper took 0.002999 seconds
INFO:hyperopt.tpe:TPE using 42/42 trials with best loss 0.908520
INFO:hyperopt.tpe:build_posterior_wrapper took 0.002021 seconds
INFO:hyperopt.tpe:TPE using 43/43 trials with best loss 0.908520
INFO:hyperopt.tpe:build_posterior_wrapper took 0.013986 seconds
INFO:hyperopt.tpe:TPE using 44/44 trials with best loss 0.908520
INFO:hyperopt.tpe:build_posterior_wrapper took 0.001024 seconds
INFO:hyperopt.tpe:TPE using 45/45 trials with best loss 0.908520
INFO:hyperopt.tpe:build_posterior_wrapper took 0.001000 seconds
INFO:hyperopt.tpe:TPE using 46/46 trials with best loss 0.908520
INFO:hyperopt.tpe:build_posterior_wrapper took 0.002014 seconds
INFO:hyperopt.tpe:TPE using 47/47 trials with best loss 0.908520
INFO:hyperopt.tpe:build_posterior_wrapper took 0.014884 seconds
INFO:hyperopt.tpe:TPE using 48/48 trials with best loss 0.908520
INFO:hyperopt.tpe:build_posterior_wrapper took 0.001006 seconds
INFO:hyperopt.tpe:TPE using 49/49 trials with best loss 0.908520
INFO:future_sales_prediction_2024:Package is initialized
INFO:future_sales_prediction_2024:Package is initialized
INFO:future_sales_prediction_2024:Package is initialized
INFO:future_sales_prediction_2024:Package is initialized
INFO:future_sales_prediction_2024:Package is initialized
INFO:future_sales_prediction_2024:Package is initialized
INFO:future_sales_prediction_2024:Package is initialized
INFO:future_sales_prediction_2024:Package is initialized
INFO:future_sales_prediction_2024:Package is initialized
INFO:future_sales_prediction_2024:Package is initialized
INFO:future_sales_prediction_2024:Package is initialized
INFO:future_sales_prediction_2024:Package is initialized
INFO:future_sales_prediction_2024:Package is initialized
INFO:future_sales_prediction_2024:Package is initialized
INFO:future_sales_prediction_2024:Package is initialized
INFO:future_sales_prediction_2024:Package is initialized
INFO:future_sales_prediction_2024:Package is initialized
INFO:future_sales_prediction_2024:Package is initialized
INFO:future_sales_prediction_2024:Package is initialized
INFO:future_sales_prediction_2024:Package is initialized
INFO:hyperopt.tpe:build_posterior_wrapper took 0.002014 seconds
INFO:hyperopt.tpe:TPE using 0 trials
INFO:hyperopt.tpe:build_posterior_wrapper took 0.001999 seconds
INFO:hyperopt.tpe:TPE using 0 trials
INFO:hyperopt.tpe:build_posterior_wrapper took 0.002000 seconds
INFO:hyperopt.tpe:TPE using 1/1 trials with best loss inf
INFO:hyperopt.tpe:build_posterior_wrapper took 0.004996 seconds
INFO:hyperopt.tpe:TPE using 2/2 trials with best loss inf
INFO:hyperopt.tpe:build_posterior_wrapper took 0.001000 seconds
INFO:hyperopt.tpe:TPE using 3/3 trials with best loss inf
INFO:hyperopt.tpe:build_posterior_wrapper took 0.002003 seconds
INFO:hyperopt.tpe:TPE using 4/4 trials with best loss inf
INFO:hyperopt.tpe:build_posterior_wrapper took 0.001001 seconds
INFO:hyperopt.tpe:TPE using 5/5 trials with best loss inf
INFO:hyperopt.tpe:build_posterior_wrapper took 0.003002 seconds
INFO:hyperopt.tpe:TPE using 0 trials
INFO:hyperopt.tpe:build_posterior_wrapper took 0.002039 seconds
INFO:hyperopt.tpe:TPE using 1/1 trials with best loss inf
INFO:future_sales_prediction_2024:Package is initialized
INFO:hyperopt.tpe:build_posterior_wrapper took 0.001001 seconds
INFO:hyperopt.tpe:TPE using 0 trials
INFO:hyperopt.tpe:build_posterior_wrapper took 0.000999 seconds
INFO:hyperopt.tpe:TPE using 1/1 trials with best loss inf
INFO:future_sales_prediction_2024:Package is initialized
INFO:future_sales_prediction_2024:Package is initialized
INFO:hyperopt.tpe:build_posterior_wrapper took 0.002002 seconds
INFO:hyperopt.tpe:TPE using 0 trials
INFO:hyperopt.tpe:build_posterior_wrapper took 0.001999 seconds
INFO:hyperopt.tpe:TPE using 1/1 trials with best loss 0.912694
INFO:hyperopt.tpe:build_posterior_wrapper took 0.001000 seconds
INFO:hyperopt.tpe:TPE using 2/2 trials with best loss 0.912694
INFO:hyperopt.tpe:build_posterior_wrapper took 0.001041 seconds
INFO:hyperopt.tpe:TPE using 3/3 trials with best loss 0.912694
